<?xml version="1.0" encoding="UTF-8"?>
<!-- Generated by org.testng.reporters.JUnitXMLReporter -->
<testsuite hostname="ARAVINDA-DELL-PERSONAL" ignored="2" name="GRP-mahendra,bigcar" tests="4" failures="0" timestamp="03 Mar 2021 16:27:33 GMT" time="0.07" errors="0">
  <testcase name="carnival" time="0.015" classname="com.ita.testng.GroupingTests"/>
  <testcase name="ertiga" time="0.002" classname="com.ita.testng.GroupingTests"/>
  <testcase name="xuv300" time="0.002" classname="com.ita.testng.GroupingTests"/>
  <testcase name="xuv500" time="0.001" classname="com.ita.testng.GroupingTests"/>
  <testcase name="celtos" time="0.0" classname="com.ita.testng.GroupingTests">
    <ignored/>
  </testcase> <!-- celtos -->
  <testcase name="swift" time="0.0" classname="com.ita.testng.GroupingTests">
    <ignored/>
  </testcase> <!-- swift -->
</testsuite> <!-- GRP-mahendra,bigcar -->
