<?xml version="1.0" encoding="UTF-8"?>
<!-- Generated by org.testng.reporters.JUnitXMLReporter -->
<testsuite hostname="ARAVINDA-DELL-PERSONAL" ignored="4" name="GRP-mahendra" tests="2" failures="0" timestamp="03 Mar 2021 16:26:38 GMT" time="0.058" errors="0">
  <testcase name="xuv300" time="0.014" classname="com.ita.testng.GroupingTests"/>
  <testcase name="xuv500" time="0.003" classname="com.ita.testng.GroupingTests"/>
  <testcase name="celtos" time="0.0" classname="com.ita.testng.GroupingTests">
    <ignored/>
  </testcase> <!-- celtos -->
  <testcase name="carnival" time="0.0" classname="com.ita.testng.GroupingTests">
    <ignored/>
  </testcase> <!-- carnival -->
  <testcase name="ertiga" time="0.0" classname="com.ita.testng.GroupingTests">
    <ignored/>
  </testcase> <!-- ertiga -->
  <testcase name="swift" time="0.0" classname="com.ita.testng.GroupingTests">
    <ignored/>
  </testcase> <!-- swift -->
</testsuite> <!-- GRP-mahendra -->
