<?xml version="1.0" encoding="UTF-8"?>
<!-- Generated by org.testng.reporters.JUnitXMLReporter -->
<testsuite hostname="ARAVINDA-DELL-PERSONAL" ignored="4" name="Default test" tests="2" failures="0" timestamp="03 Mar 2021 16:29:01 GMT" time="0.046" errors="0">
  <testcase name="celtos" time="0.012" classname="com.ita.testng.GroupingTests"/>
  <testcase name="swift" time="0.002" classname="com.ita.testng.GroupingTests"/>
  <testcase name="ertiga" time="0.0" classname="com.ita.testng.GroupingTests">
    <ignored/>
  </testcase> <!-- ertiga -->
  <testcase name="carnival" time="0.0" classname="com.ita.testng.GroupingTests">
    <ignored/>
  </testcase> <!-- carnival -->
  <testcase name="xuv300" time="0.0" classname="com.ita.testng.GroupingTests">
    <ignored/>
  </testcase> <!-- xuv300 -->
  <testcase name="xuv500" time="0.0" classname="com.ita.testng.GroupingTests">
    <ignored/>
  </testcase> <!-- xuv500 -->
</testsuite> <!-- Default test -->
