<?xml version="1.0" encoding="UTF-8"?>
<testng-results skipped="0" failed="0" ignored="4" total="6" passed="2">
  <reporter-output>
  </reporter-output>
  <suite name="Default suite" duration-ms="46" started-at="2021-03-03T16:29:01Z" finished-at="2021-03-03T16:29:01Z">
    <groups>
      <group name="kia">
        <method signature="GroupingTests.celtos()[pri:0, instance:com.ita.testng.GroupingTests@1e88b3c]" name="celtos" class="com.ita.testng.GroupingTests"/>
      </group> <!-- kia -->
      <group name="smallcar">
        <method signature="GroupingTests.celtos()[pri:0, instance:com.ita.testng.GroupingTests@1e88b3c]" name="celtos" class="com.ita.testng.GroupingTests"/>
        <method signature="GroupingTests.swift()[pri:0, instance:com.ita.testng.GroupingTests@1e88b3c]" name="swift" class="com.ita.testng.GroupingTests"/>
      </group> <!-- smallcar -->
      <group name="suzuki">
        <method signature="GroupingTests.swift()[pri:0, instance:com.ita.testng.GroupingTests@1e88b3c]" name="swift" class="com.ita.testng.GroupingTests"/>
      </group> <!-- suzuki -->
    </groups>
    <test name="Default test" duration-ms="46" started-at="2021-03-03T16:29:01Z" finished-at="2021-03-03T16:29:01Z">
      <class name="com.ita.testng.GroupingTests">
        <test-method status="PASS" signature="celtos()[pri:0, instance:com.ita.testng.GroupingTests@1e88b3c]" name="celtos" duration-ms="12" started-at="2021-03-03T16:29:01Z" finished-at="2021-03-03T16:29:01Z">
          <reporter-output>
          </reporter-output>
        </test-method> <!-- celtos -->
        <test-method status="PASS" signature="swift()[pri:0, instance:com.ita.testng.GroupingTests@1e88b3c]" name="swift" duration-ms="2" started-at="2021-03-03T16:29:01Z" finished-at="2021-03-03T16:29:01Z">
          <reporter-output>
          </reporter-output>
        </test-method> <!-- swift -->
      </class> <!-- com.ita.testng.GroupingTests -->
    </test> <!-- Default test -->
  </suite> <!-- Default suite -->
</testng-results>
