<?xml version="1.0" encoding="UTF-8"?>
<testng-results skipped="0" failed="0" ignored="0" total="2" passed="2">
  <reporter-output>
  </reporter-output>
  <suite name="Default suite" duration-ms="37899" started-at="2021-03-05T16:45:41Z" finished-at="2021-03-05T16:46:19Z">
    <groups>
    </groups>
    <test name="Default test" duration-ms="37899" started-at="2021-03-05T16:45:41Z" finished-at="2021-03-05T16:46:19Z">
      <class name="com.ita.testng.test.POMTest">
        <test-method status="PASS" signature="setup()[pri:0, instance:com.ita.testng.test.POMTest@754ba872]" name="setup" is-config="true" duration-ms="13365" started-at="2021-03-05T16:45:41Z" finished-at="2021-03-05T16:45:54Z">
          <reporter-output>
          </reporter-output>
        </test-method> <!-- setup -->
        <test-method status="PASS" signature="launch()[pri:0, instance:com.ita.testng.test.POMTest@754ba872]" name="launch" is-config="true" duration-ms="796" started-at="2021-03-05T16:45:54Z" finished-at="2021-03-05T16:45:55Z">
          <reporter-output>
          </reporter-output>
        </test-method> <!-- launch -->
        <test-method status="PASS" signature="createCustomer()[pri:0, instance:com.ita.testng.test.POMTest@754ba872]" name="createCustomer" duration-ms="14610" started-at="2021-03-05T16:45:55Z" finished-at="2021-03-05T16:46:10Z">
          <reporter-output>
          </reporter-output>
        </test-method> <!-- createCustomer -->
        <test-method status="PASS" signature="launch()[pri:0, instance:com.ita.testng.test.POMTest@754ba872]" name="launch" is-config="true" duration-ms="534" started-at="2021-03-05T16:46:10Z" finished-at="2021-03-05T16:46:10Z">
          <reporter-output>
          </reporter-output>
        </test-method> <!-- launch -->
        <test-method status="PASS" signature="validLogin()[pri:0, instance:com.ita.testng.test.POMTest@754ba872]" name="validLogin" duration-ms="6092" started-at="2021-03-05T16:46:10Z" finished-at="2021-03-05T16:46:16Z">
          <reporter-output>
          </reporter-output>
        </test-method> <!-- validLogin -->
        <test-method status="PASS" signature="closeResources()[pri:0, instance:com.ita.testng.test.POMTest@754ba872]" name="closeResources" is-config="true" duration-ms="2461" started-at="2021-03-05T16:46:16Z" finished-at="2021-03-05T16:46:19Z">
          <reporter-output>
          </reporter-output>
        </test-method> <!-- closeResources -->
      </class> <!-- com.ita.testng.test.POMTest -->
    </test> <!-- Default test -->
  </suite> <!-- Default suite -->
</testng-results>
